checking for -Werror=unknown-warning-option... yes
checking for -Werror=unknown-attributes... yes
checking for -Werror=attributes... yes
checking for -Werror=ignored-attributes... yes
x264 configure script
Command line options: "--prefix=/Users/weiwang/AndroidStudioProjects/TestC2/ext/android/armeabi-v7a" "--disable-cli" "--enable-static" "--enable-pic=no" "--host=arm-linux" "--cross-prefix=/Users/weiwang/Library/Android/sdk/ndk/22.0.7026061/toolchains/llvm/prebuilt/darwin-x86_64/bin/arm-linux-androideabi-" "--sysroot=/Users/weiwang/Library/Android/sdk/ndk/22.0.7026061/toolchains/llvm/prebuilt/darwin-x86_64/sysroot" "--extra-cflags="

checking whether /Users/weiwang/Library/Android/sdk/ndk/22.0.7026061/toolchains/llvm/prebuilt/darwin-x86_64/bin/armv7a-linux-androideabi21-clang works... yes
checking whether /Users/weiwang/Library/Android/sdk/ndk/22.0.7026061/toolchains/llvm/prebuilt/darwin-x86_64/bin/armv7a-linux-androideabi21-clang supports for( int i = 0; i < 9; i++ ); with -std=gnu99... yes
checking whether /Users/weiwang/Library/Android/sdk/ndk/22.0.7026061/toolchains/llvm/prebuilt/darwin-x86_64/bin/armv7a-linux-androideabi21-clang supports __attribute__((force_align_arg_pointer))... no
Failed commandline was:
--------------------------------------------------
/Users/weiwang/Library/Android/sdk/ndk/22.0.7026061/toolchains/llvm/prebuilt/darwin-x86_64/bin/armv7a-linux-androideabi21-clang conftest.c  -Wall -I. -I$(SRCPATH) --sysroot=/Users/weiwang/Library/Android/sdk/ndk/22.0.7026061/toolchains/llvm/prebuilt/darwin-x86_64/sysroot  -std=gnu99 -D_GNU_SOURCE   -Werror=unknown-warning-option -Werror=unknown-attributes -Werror=attributes -Werror=ignored-attributes    --sysroot=/Users/weiwang/Library/Android/sdk/ndk/22.0.7026061/toolchains/llvm/prebuilt/darwin-x86_64/sysroot -lm -o conftest
conftest.c:1:16: error: unknown attribute 'force_align_arg_pointer' ignored [-Werror,-Wunknown-attributes]
__attribute__((force_align_arg_pointer))
               ^
1 error generated.
--------------------------------------------------
Failed program was:
--------------------------------------------------
__attribute__((force_align_arg_pointer))
int main (void) {  return 0; }
--------------------------------------------------
checking whether /Users/weiwang/Library/Android/sdk/ndk/22.0.7026061/toolchains/llvm/prebuilt/darwin-x86_64/bin/armv7a-linux-androideabi21-clang supports __asm__("add r0, r1, r2");... yes
checking whether /Users/weiwang/Library/Android/sdk/ndk/22.0.7026061/toolchains/llvm/prebuilt/darwin-x86_64/bin/armv7a-linux-androideabi21-clang supports __asm__("rev ip, ip");... yes
checking whether /Users/weiwang/Library/Android/sdk/ndk/22.0.7026061/toolchains/llvm/prebuilt/darwin-x86_64/bin/armv7a-linux-androideabi21-clang supports __asm__("movt r0, #0");... yes
checking whether /Users/weiwang/Library/Android/sdk/ndk/22.0.7026061/toolchains/llvm/prebuilt/darwin-x86_64/bin/armv7a-linux-androideabi21-clang supports __asm__("vadd.i16 q0, q0, q0");... yes
checking whether /Users/weiwang/Library/Android/sdk/ndk/22.0.7026061/toolchains/llvm/prebuilt/darwin-x86_64/bin/armv7a-linux-androideabi21-clang supports .func test
.endfunc... no
Failed commandline was:
--------------------------------------------------
/Users/weiwang/Library/Android/sdk/ndk/22.0.7026061/toolchains/llvm/prebuilt/darwin-x86_64/bin/armv7a-linux-androideabi21-clang conftest.S  -I. -I$(SRCPATH) -c  -o conftest.o
conftest.S:1:1: error: unknown directive
.func test
^
conftest.S:2:1: error: unknown directive
.endfunc
^
--------------------------------------------------
Failed program was:
--------------------------------------------------
.func test
.endfunc
--------------------------------------------------
checking for pthread_create(0,0,0,0); in pthread.h... no
Failed commandline was:
--------------------------------------------------
/Users/weiwang/Library/Android/sdk/ndk/22.0.7026061/toolchains/llvm/prebuilt/darwin-x86_64/bin/armv7a-linux-androideabi21-clang conftest.c  -Wall -I. -I$(SRCPATH) --sysroot=/Users/weiwang/Library/Android/sdk/ndk/22.0.7026061/toolchains/llvm/prebuilt/darwin-x86_64/sysroot  -std=gnu99 -D_GNU_SOURCE -mcpu=cortex-a8 -mfpu=neon   -Werror=unknown-warning-option -Werror=unknown-attributes -Werror=attributes -Werror=ignored-attributes -lpthread   --sysroot=/Users/weiwang/Library/Android/sdk/ndk/22.0.7026061/toolchains/llvm/prebuilt/darwin-x86_64/sysroot -lm -o conftest
ld: error: unable to find library -lpthread
clang: error: linker command failed with exit code 1 (use -v to see invocation)
--------------------------------------------------
Failed program was:
--------------------------------------------------
#include <pthread.h>
int main (void) { pthread_create(0,0,0,0); return 0; }
--------------------------------------------------
checking for pthread_create(0,0,0,0); in pthread.h... yes
checking for cpu_set_t p_aff; return CPU_COUNT(&p_aff); in sched.h... yes
checking for volatile float x = 2; return log2f(x); in math.h... yes
checking for strtok_r(0, 0, 0); in string.h... yes
checking for clock_gettime(CLOCK_MONOTONIC, 0); in time.h... yes
checking whether defined(MAP_PRIVATE) is true... yes
checking for uint32_t test_vec __attribute__ ((vector_size (16))) = {0,1,2,3}; in stdint.h... yes
checking for -fno-tree-vectorize... yes
checking for fseeko(stdin,0,0); in stdio.h... yes
checking for -Wshadow... yes
checking for -Wmaybe-uninitialized... no
Failed commandline was:
--------------------------------------------------
/Users/weiwang/Library/Android/sdk/ndk/22.0.7026061/toolchains/llvm/prebuilt/darwin-x86_64/bin/armv7a-linux-androideabi21-clang conftest.c -Wshadow -O3 -ffast-math  -Wall -I. -I$(SRCPATH) --sysroot=/Users/weiwang/Library/Android/sdk/ndk/22.0.7026061/toolchains/llvm/prebuilt/darwin-x86_64/sysroot  -std=gnu99 -D_GNU_SOURCE -mcpu=cortex-a8 -mfpu=neon -fomit-frame-pointer -fno-tree-vectorize   -Werror=unknown-warning-option -Werror=unknown-attributes -Werror=attributes -Werror=ignored-attributes -Wmaybe-uninitialized   --sysroot=/Users/weiwang/Library/Android/sdk/ndk/22.0.7026061/toolchains/llvm/prebuilt/darwin-x86_64/sysroot -lm  -o conftest
error: unknown warning option '-Wmaybe-uninitialized'; did you mean '-Wuninitialized'? [-Werror,-Wunknown-warning-option]
--------------------------------------------------
Failed program was:
--------------------------------------------------
int main (void) {  return 0; }
--------------------------------------------------
checking for -fvisibility=hidden... yes

platform:       ARM
byte order:     little-endian
system:         LINUX
cli:            no
libx264:        internal
shared:         no
static:         yes
bashcompletion: no
asm:            yes
interlaced:     yes
avs:            no
lavf:           no
ffms:           no
mp4:            no
gpl:            yes
thread:         posix
opencl:         yes
filters:        crop select_every
lto:            no
debug:          no
gprof:          no
strip:          no
PIC:            no
bit depth:      all
chroma format:  all
